<?xml version="1.0" encoding="UTF-8"?>
<testng-results skipped="0" failed="0" ignored="0" total="1" passed="1">
  <reporter-output>
  </reporter-output>
  <suite name="Default suite" duration-ms="81642" started-at="2020-07-06T16:33:32 IST" finished-at="2020-07-06T16:34:54 IST">
    <groups>
    </groups>
    <test name="Default test" duration-ms="81642" started-at="2020-07-06T16:33:32 IST" finished-at="2020-07-06T16:34:54 IST">
      <class name="com.training.sanity.tests.reportGenerationStudentTest">
        <test-method status="PASS" signature="setUpBeforeClass()[pri:0, instance:com.training.sanity.tests.reportGenerationStudentTest@7d0587f1]" name="setUpBeforeClass" is-config="true" duration-ms="0" started-at="2020-07-06T16:33:32 IST" finished-at="2020-07-06T16:33:32 IST">
          <reporter-output>
          </reporter-output>
        </test-method> <!-- setUpBeforeClass -->
        <test-method status="PASS" signature="setUp()[pri:0, instance:com.training.sanity.tests.reportGenerationStudentTest@7d0587f1]" name="setUp" is-config="true" duration-ms="36603" started-at="2020-07-06T16:33:32 IST" finished-at="2020-07-06T16:34:09 IST">
          <reporter-output>
          </reporter-output>
        </test-method> <!-- setUp -->
        <test-method status="PASS" signature="ReportGenerationStudent()[pri:0, instance:com.training.sanity.tests.reportGenerationStudentTest@7d0587f1]" name="ReportGenerationStudent" duration-ms="44002" started-at="2020-07-06T16:34:09 IST" finished-at="2020-07-06T16:34:53 IST">
          <reporter-output>
          </reporter-output>
        </test-method> <!-- ReportGenerationStudent -->
        <test-method status="PASS" signature="tearDown()[pri:0, instance:com.training.sanity.tests.reportGenerationStudentTest@7d0587f1]" name="tearDown" is-config="true" duration-ms="1001" started-at="2020-07-06T16:34:53 IST" finished-at="2020-07-06T16:34:54 IST">
          <reporter-output>
          </reporter-output>
        </test-method> <!-- tearDown -->
      </class> <!-- com.training.sanity.tests.reportGenerationStudentTest -->
    </test> <!-- Default test -->
  </suite> <!-- Default suite -->
</testng-results>
