<?xml version="1.0" encoding="UTF-8"?>
<testng-results skipped="0" failed="0" ignored="0" total="1" passed="1">
  <reporter-output>
  </reporter-output>
  <suite name="Default suite" duration-ms="78403" started-at="2020-07-14T17:18:20 IST" finished-at="2020-07-14T17:19:38 IST">
    <groups>
    </groups>
    <test name="Default test" duration-ms="78403" started-at="2020-07-14T17:18:20 IST" finished-at="2020-07-14T17:19:38 IST">
      <class name="com.training.sanity.tests.createCourseTest">
        <test-method status="PASS" signature="setUpBeforeClass()[pri:0, instance:com.training.sanity.tests.createCourseTest@71bbf57e]" name="setUpBeforeClass" is-config="true" duration-ms="154" started-at="2020-07-14T17:18:20 IST" finished-at="2020-07-14T17:18:20 IST">
          <reporter-output>
          </reporter-output>
        </test-method> <!-- setUpBeforeClass -->
        <test-method status="PASS" signature="setUp()[pri:0, instance:com.training.sanity.tests.createCourseTest@71bbf57e]" name="setUp" is-config="true" duration-ms="7202" started-at="2020-07-14T17:18:20 IST" finished-at="2020-07-14T17:18:27 IST">
          <reporter-output>
          </reporter-output>
        </test-method> <!-- setUp -->
        <test-method status="PASS" signature="CreateSessionCategories()[pri:0, instance:com.training.sanity.tests.createCourseTest@71bbf57e]" name="CreateSessionCategories" duration-ms="68901" started-at="2020-07-14T17:18:27 IST" finished-at="2020-07-14T17:19:36 IST">
          <reporter-output>
          </reporter-output>
        </test-method> <!-- CreateSessionCategories -->
        <test-method status="PASS" signature="tearDown()[pri:0, instance:com.training.sanity.tests.createCourseTest@71bbf57e]" name="tearDown" is-config="true" duration-ms="2108" started-at="2020-07-14T17:19:36 IST" finished-at="2020-07-14T17:19:38 IST">
          <reporter-output>
          </reporter-output>
        </test-method> <!-- tearDown -->
      </class> <!-- com.training.sanity.tests.createCourseTest -->
    </test> <!-- Default test -->
  </suite> <!-- Default suite -->
</testng-results>
